<?xml version="1.0" encoding="UTF-8"?>
<!-- Generated by org.testng.reporters.JUnitXMLReporter -->
<testsuite hostname="LAPTOP-6UDNG0RE" ignored="0" name="Test" tests="3" failures="0" timestamp="2020-05-12T12:14:09 IST" time="60.697" errors="0">
  <testcase name="test1" time="16.255" classname="dockerValidation.ChromeTest1"/>
  <testcase name="test2" time="23.531" classname="dockerValidation.ChromeTest2"/>
  <testcase name="test3" time="24.675" classname="dockerValidation.ChromeTest3"/>
</testsuite> <!-- Test -->
